        -:    0:Source:main.c
        -:    1:#include <stdio.h>
        -:    2:#include <stdlib.h>
        -:    3:#include <string.h>
        -:    4:#include "common.h"
        -:    5:
        -:    6:#define CREATE_BIN "cb"
        -:    7:#define SORT_TXT "st"
        -:    8:#define SORT_BIN "sb"
        -:    9:#define FIND_TXT "ft"
        -:   10:#define FIND_BIN "fb"
        -:   11:#define DELETE_TXT "dt"
        -:   12:#define DELETE_BIN "db"
        -:   13:
        -:   14:
       59:   15:int main(int argc, char **argv)
        -:   16:{
       59:   17:    if (argc < 2)
        -:   18:    {
        1:   19:        fprintf(stderr, "Not enough arguments\n");
        1:   20:        return EXIT_FAILURE;
        -:   21:    }
        -:   22:
       58:   23:    char *cmd = argv[1];
       58:   24:    argv[1] = argv[0];
        -:   25:
       58:   26:    if (strcmp(cmd, CREATE_BIN) == 0)
        -:   27:    {
        5:   28:        return main_create(argc - 1, argv + 1);
        -:   29:    }
        -:   30:
       53:   31:    if (strcmp(cmd, SORT_TXT) == 0)
        -:   32:    {
        8:   33:        return main_sort_text(argc - 1, argv + 1);
        -:   34:    }
        -:   35:
       45:   36:    if (strcmp(cmd, SORT_BIN) == 0)
        -:   37:    {
        8:   38:        return main_sort_bin(argc - 1, argv + 1);
        -:   39:    }
        -:   40:
       37:   41:    if (strcmp(cmd, FIND_TXT) == 0)
        -:   42:    {
       10:   43:        return main_find_text(argc - 1, argv + 1);
        -:   44:    }
        -:   45:
       27:   46:    if (strcmp(cmd, FIND_BIN) == 0)
        -:   47:    {
       10:   48:        return main_find_bin(argc - 1, argv + 1);
        -:   49:    }
        -:   50:
       17:   51:    if (strcmp(cmd, DELETE_TXT) == 0)
        -:   52:    {
        8:   53:        return main_delete_text(argc - 1, argv + 1);
        -:   54:    }
        -:   55:
        9:   56:    if (strcmp(cmd, DELETE_BIN) == 0)
        -:   57:    {
        8:   58:        return main_delete_bin(argc - 1, argv + 1);
        -:   59:    }
        -:   60:
        1:   61:    return EXIT_FAILURE;
        -:   62:}
