        -:    0:Source:setget.c
        -:    1:#include <stdio.h>
        -:    2:#include "common.h"
        -:    3:
       41:    4:struct s_student get_from_file(FILE *f, int i)
        -:    5:{
       41:    6:    fseek(f, i * sizeof(struct s_student), SEEK_SET);
        -:    7:    struct s_student student;
       41:    8:    fread(&student, sizeof(struct s_student), 1, f);
        -:    9:
       41:   10:    return student;
        -:   11:}
        -:   12:
    #####:   13:struct s_student get_from_array(struct s_student *array, int i)
        -:   14:{
    #####:   15:    return array[i];
        -:   16:}
        -:   17:
       15:   18:void set_in_file(FILE *f, struct s_student student, int i)
        -:   19:{
       15:   20:    fseek(f, i * sizeof(struct s_student), SEEK_SET);
       15:   21:    fwrite(&student, sizeof(struct s_student), 1, f);
       15:   22:}
        -:   23:
    #####:   24:void set_in_array(struct s_student *array, struct s_student student, int i)
        -:   25:{
    #####:   26:    array[i] = student;
    #####:   27:}
