        -:    0:Source:main.c
        -:    1:#include <stdio.h>
        -:    2:#include <stdlib.h>
        -:    3:#include "process.h"
        -:    4:
        5:    5:int main(int argc, char **argv)
        -:    6:{
        5:    7:    if (argc != 2)
        -:    8:    {
        1:    9:        fprintf(stderr, "Accept only 1 argument - file name\n");
        1:   10:        return EXIT_FAILURE;
        -:   11:    }
        -:   12:
        4:   13:    FILE *f = fopen(argv[1], "r");
        -:   14:
        -:   15:    double start, end;
        -:   16:    double mean;
        -:   17:
        4:   18:    if (find_min_max_interval(f, &start, &end) != OK)
        -:   19:    {
        1:   20:        fprintf(stderr, "Input error\n");
        1:   21:        return EXIT_FAILURE;
        -:   22:    }
        -:   23:
        3:   24:    fseek(f, 0, SEEK_SET);
        -:   25:
        3:   26:    if (get_mean_on_interval(f, start, end, &mean) != OK)
        -:   27:    {
        1:   28:        fprintf(stderr, "Input error\n");
        1:   29:        return EXIT_FAILURE;
        -:   30:    }
        -:   31:
        2:   32:    printf("%0.6lf\n", mean);
        -:   33:
        2:   34:    return EXIT_SUCCESS;
        -:   35:}
