        -:    0:Source:main.c
        -:    0:Graph:main.gcno
        -:    0:Data:main.gcda
        -:    0:Runs:5
        -:    0:Programs:1
        -:    1:#include <stdio.h>
        -:    2:
        -:    3:#define MAX_ARRAY_SIZE 10
        -:    4:#define OK 0
        -:    5:#define INPUT_LEN_ERR 1
        -:    6:#define INPUT_ELEMENTS_ERR 2
        -:    7:
        5:    8:int scanf_array(int *a, int *len)
        -:    9:{
        5:   10:    printf("Enter array length:\n");
        5:   11:    int rc = scanf("%d", len);
        -:   12:
        5:   13:    if (rc != 1 || *len <= 0 || *len > MAX_ARRAY_SIZE)
        -:   14:    {
        1:   15:        return INPUT_LEN_ERR;
        -:   16:    }
        -:   17:
        4:   18:    printf("Enter array elements:\n");
        -:   19:
       11:   20:    for (int i = 0; i < *len; i++)
        -:   21:    {
        8:   22:        rc = scanf("%d", a + i);
        -:   23:
        8:   24:        if (rc != 1 || rc == EOF)
        -:   25:        {
        1:   26:            return INPUT_ELEMENTS_ERR;
        -:   27:        }
        -:   28:    }
        3:   29:    return OK;
        -:   30:}
        -:   31:
        3:   32:void print_array(int *a, int n)
        -:   33:{
       10:   34:    for (int i = 0; i < n; i++)
        -:   35:    {
        7:   36:        printf("%d ", a[i]);
        -:   37:    }
        3:   38:    printf("\n");
        3:   39:}
        -:   40:
        3:   41:void sort_array(int *a, int n)
        -:   42:{
        -:   43:    int x, j;
        7:   44:    for (int i = 1; i < n; i++)
        -:   45:    {
        4:   46:        x = a[i];
        4:   47:        j = i;
       12:   48:        while (j > 0 && a[j - 1] > x)
        -:   49:        {
        4:   50:            a[j] = a[j - 1];
        4:   51:            j--;
        -:   52:        }
        4:   53:        a[j] = x;
        -:   54:    }
        3:   55:}
        -:   56:
        5:   57:int main(void)
        -:   58:{
        -:   59:    int a[MAX_ARRAY_SIZE];
        -:   60:    int n_a, rc;
        -:   61:
        5:   62:    rc = scanf_array(a, &n_a);
        -:   63:
        5:   64:    if (rc == INPUT_LEN_ERR)
        -:   65:    {
        1:   66:        printf("Array size is invalid.\n");
        1:   67:        return rc;
        -:   68:    }
        4:   69:    else if (rc == INPUT_ELEMENTS_ERR)
        -:   70:    {
        1:   71:        printf("Oops! It was a bad element.\n");
        1:   72:        return rc;
        -:   73:    }
        3:   74:    else if (rc != OK)
        -:   75:    {
    #####:   76:        printf("Unknown code error %d.\n", rc);
    #####:   77:        return rc;
        -:   78:    }
        -:   79:
        3:   80:    sort_array(a, n_a);
        -:   81:
        3:   82:    print_array(a, n_a);
        -:   83:
        3:   84:    return OK;
        -:   85:}
