        -:    0:Source:main.c
        -:    0:Graph:main.gcno
        -:    0:Data:main.gcda
        -:    0:Runs:7
        -:    0:Programs:1
        -:    1:#include <stdio.h>
        -:    2:#include <stdlib.h>
        -:    3:
        -:    4:#define OK 0
        -:    5:#define INPUT_ERR 1
        -:    6:
        5:    7:void print_factor(int n)
        -:    8:{
        5:    9:    n = abs(n);
        -:   10:
        5:   11:    int i = 2;
       20:   12:    while (n != 1)
        -:   13:    {
       10:   14:        if (n % i == 0)
        -:   15:        {
        9:   16:            printf("%d ", i);
        9:   17:            n /= i;
        -:   18:        }
        -:   19:        else
        -:   20:        {
        1:   21:            i += 1;
        -:   22:        }
        -:   23:    }
        5:   24:    printf("\n");
        5:   25:}
        -:   26:
        7:   27:int main()
        -:   28:{
        -:   29:    int n, rc;
        -:   30:
        7:   31:    setbuf(stdout, NULL);
        7:   32:    printf("N:\n");
        -:   33:
        7:   34:    rc = scanf("%d", &n);
        -:   35:
        7:   36:    if (rc != 1 || rc == EOF || n <= 0)
        -:   37:    {
        2:   38:        printf("no no no\n");
        2:   39:        return INPUT_ERR;
        -:   40:    }
        -:   41:
        5:   42:    print_factor(n);
        -:   43:
        5:   44:    return OK;
        -:   45:}
