        -:    0:Source:main.c
        -:    0:Graph:main.gcno
        -:    0:Data:main.gcda
        -:    0:Runs:6
        -:    0:Programs:1
        -:    1:#include <stdio.h>
        -:    2:
        -:    3:#define OK 0
        -:    4:#define INPUT_ERR 1
        -:    5:
        4:    6:void print_factor(int n)
        -:    7:{
        4:    8:    int i = 2;
       17:    9:    while (n != 1)
        -:   10:    {
        9:   11:        if (n % i == 0)
        -:   12:        {
        8:   13:            printf("%d ", i);
        8:   14:            n /= i;
        -:   15:        }
        -:   16:        else
        -:   17:        {
        1:   18:            i += 1;
        -:   19:        }
        -:   20:    }
        4:   21:    printf("\n");
        4:   22:}
        -:   23:
        6:   24:int main()
        -:   25:{
        -:   26:    int n, rc;
        -:   27:
        6:   28:    setbuf(stdout, NULL);
        6:   29:    printf("N:\n");
        -:   30:
        6:   31:    rc = scanf("%d", &n);
        -:   32:
        6:   33:    if (rc != 1 || rc == EOF || n <= 0)
        -:   34:    {
        2:   35:        printf("no no no\n");
        2:   36:        return INPUT_ERR;
        -:   37:    }
        -:   38:    
        4:   39:    print_factor(n);
        -:   40: 
        4:   41:    return OK;
        -:   42:}
        -:   43:
