        -:    0:Source:main.c
        -:    0:Graph:main.gcno
        -:    0:Data:main.gcda
        -:    0:Runs:6
        -:    0:Programs:1
        -:    1:#include <stdio.h>
        -:    2:
        -:    3:#define OK 0
        -:    4:#define INPUT_ERR 1
        -:    5:
        6:    6:int main()
        -:    7:{
        -:    8:    int n, i, rc;
        -:    9:
        6:   10:    setbuf(stdout, NULL);
        6:   11:    printf("N:\n");
        -:   12:
        6:   13:    rc = scanf("%d", &n);
        -:   14:
        6:   15:    if (rc != 1 || rc == EOF || n <= 0)
        -:   16:    {
        2:   17:        printf("no no no\n");
        2:   18:        return INPUT_ERR;
        -:   19:    }
        -:   20:
        4:   21:    i = 2;
       17:   22:    while (n != 1)
        -:   23:    {
        9:   24:        if (n % i == 0)
        -:   25:        {
        8:   26:            printf("%d ", i);
        8:   27:            n /= i;
        -:   28:        }
        -:   29:        else
        -:   30:        {
        1:   31:            i += 1;
        -:   32:        }
        -:   33:    }
        4:   34:    printf("\n");
        -:   35:
        4:   36:    return OK;
        -:   37:}
