        -:    0:Source:main.c
        -:    1:#include <stdio.h>
        -:    2:#include <stdlib.h>
        -:    3:#include "sizes.h"
        -:    4:#include "input.h"
        -:    5:#include "process.h"
        -:    6:#include "output.h"
        -:    7:
        5:    8:int main(void)
        -:    9:{
        -:   10:    char words[MAX_WORDS][WORD_STR_MAX_SIZE + 1];
        -:   11:    int counts[MAX_WORDS];
        -:   12:    int words_n;
        -:   13:
        5:   14:    printf("Enter a string:\n");
        5:   15:    words_n = scan_words(words);
        -:   16:
        5:   17:    if (words_n == INPUT_ERR)
        -:   18:    {
        1:   19:        fprintf(stderr, "Invalid input\n");
        1:   20:        return EXIT_FAILURE;
        -:   21:    }
        -:   22:
        4:   23:    words_n = count_words(words, words_n, counts);
        -:   24:
        4:   25:    printf("Result:\n");
        4:   26:    print_words_counts((const char(*)[WORD_STR_MAX_SIZE + 1]) words, counts, words_n);
        -:   27:
        4:   28:    return EXIT_SUCCESS;
        -:   29:}
