        -:    0:Source:create.c
        -:    1:#include <stdio.h>
        -:    2:#include <stdlib.h>
        -:    3:#include <string.h>
        -:    4:#include "main.h"
        -:    5:
        4:    6:void generate_file(char *filename, int n)
        -:    7:{
        4:    8:    FILE *f = fopen(filename, "wb");
        -:    9:    NUMBER_TYPE x;
       35:   10:    for (int i = 0; i < n; i++)
        -:   11:    {
       31:   12:        x = rand();
       31:   13:        fwrite(&x, sizeof(NUMBER_TYPE), 1, f);
        -:   14:    }
        4:   15:    fclose(f);
        4:   16:}
        -:   17:
        7:   18:int main_create(int argc, char **argv)
        -:   19:{
        7:   20:    if (argc == 0)
        -:   21:    {
        1:   22:        fprintf(stderr, "Not enough arguments: need number and filename.\n");
        1:   23:        return EXIT_FAILURE;
        -:   24:    }
        6:   25:    if (argc == 1)
        -:   26:    {
        1:   27:        fprintf(stderr, "Not enough arguments: need filename.\n");
        1:   28:        return EXIT_FAILURE;
        -:   29:    }
        -:   30:
        -:   31:    int number;
        5:   32:    if (sscanf(argv[0], "%d", &number) != 1 || number <= 0)
        -:   33:    {
        1:   34:        fprintf(stderr, "Invalid second argument. "
        -:   35:            "It must be positive number.\n");
        1:   36:        return EXIT_FAILURE;
        -:   37:    }
        -:   38:
        4:   39:    generate_file(argv[1], number);
        -:   40:    // printf("Successful.\n");
        -:   41:
        4:   42:    return EXIT_SUCCESS;
        -:   43:}
